<?xml version="1.0" encoding="UTF-8"?>
<robot generator="Robot 3.2.1 (Python 3.8.5 on win32)" generated="20200810 02:09:13.154" rpa="false">
<suite id="s1" name="Testing" source="F:\robot\Testing.robot">
<test id="s1-t1" name="Open Web">
<kw name="Open Browser" library="Selenium2Library">
<doc>Opens a new browser instance to the optional ``url``.</doc>
<arguments>
<arg>https://ecom-test-dat.worldticket.net/</arg>
<arg>${BROWSER}</arg>
</arguments>
<msg timestamp="20200810 02:09:13.964" level="INFO">Opening browser 'chrome' to base url 'https://ecom-test-dat.worldticket.net/'.</msg>
<status status="PASS" starttime="20200810 02:09:13.964" endtime="20200810 02:09:23.561"></status>
</kw>
<status status="PASS" starttime="20200810 02:09:13.963" endtime="20200810 02:09:23.563" critical="yes"></status>
</test>
<test id="s1-t2" name="Check Title">
<kw name="Click Element" library="Selenium2Library">
<doc>Click the element identified by ``locator``.</doc>
<arguments>
<arg>//*[@id="v-cookielaw"]/div[2]/a[1]</arg>
</arguments>
<msg timestamp="20200810 02:09:23.593" level="INFO">Clicking element '//*[@id="v-cookielaw"]/div[2]/a[1]'.</msg>
<kw name="Capture Page Screenshot" library="Selenium2Library">
<doc>Takes a screenshot of the current page and embeds it into a log file.</doc>
<msg timestamp="20200810 02:09:24.049" level="FAIL">NoSuchWindowException: Message: no such window: target window already closed
from unknown error: web view not found
  (Session info: chrome=84.0.4147.105)
</msg>
<status status="FAIL" starttime="20200810 02:09:23.605" endtime="20200810 02:09:24.049"></status>
</kw>
<msg timestamp="20200810 02:09:24.050" level="WARN">Keyword 'Capture Page Screenshot' could not be run on failure: NoSuchWindowException: Message: no such window: target window already closed
from unknown error: web view not found
  (Session info: chrome=84.0.4147.105)
</msg>
<msg timestamp="20200810 02:09:24.114" level="FAIL">NoSuchWindowException: Message: no such window: target window already closed
from unknown error: web view not found
  (Session info: chrome=84.0.4147.105)
</msg>
<status status="FAIL" starttime="20200810 02:09:23.592" endtime="20200810 02:09:24.114"></status>
</kw>
<status status="FAIL" starttime="20200810 02:09:23.570" endtime="20200810 02:09:24.115" critical="yes">NoSuchWindowException: Message: no such window: target window already closed
from unknown error: web view not found
  (Session info: chrome=84.0.4147.105)
</status>
</test>
<test id="s1-t3" name="Click Profile">
<kw name="Click Element" library="Selenium2Library">
<doc>Click the element identified by ``locator``.</doc>
<arguments>
<arg>//*[@id="header-account"]</arg>
</arguments>
<msg timestamp="20200810 02:09:24.119" level="INFO">Clicking element '//*[@id="header-account"]'.</msg>
<kw name="Capture Page Screenshot" library="Selenium2Library">
<doc>Takes a screenshot of the current page and embeds it into a log file.</doc>
<msg timestamp="20200810 02:09:24.124" level="FAIL">NoSuchWindowException: Message: no such window: target window already closed
from unknown error: web view not found
  (Session info: chrome=84.0.4147.105)
</msg>
<status status="FAIL" starttime="20200810 02:09:24.120" endtime="20200810 02:09:24.124"></status>
</kw>
<msg timestamp="20200810 02:09:24.124" level="WARN">Keyword 'Capture Page Screenshot' could not be run on failure: NoSuchWindowException: Message: no such window: target window already closed
from unknown error: web view not found
  (Session info: chrome=84.0.4147.105)
</msg>
<msg timestamp="20200810 02:09:24.126" level="FAIL">NoSuchWindowException: Message: no such window: target window already closed
from unknown error: web view not found
  (Session info: chrome=84.0.4147.105)
</msg>
<status status="FAIL" starttime="20200810 02:09:24.119" endtime="20200810 02:09:24.126"></status>
</kw>
<status status="FAIL" starttime="20200810 02:09:24.118" endtime="20200810 02:09:24.127" critical="yes">NoSuchWindowException: Message: no such window: target window already closed
from unknown error: web view not found
  (Session info: chrome=84.0.4147.105)
</status>
</test>
<test id="s1-t4" name="Insert Email And Password">
<kw name="Wait Until Page Contains Element" library="Selenium2Library">
<doc>Waits until the element ``locator`` appears on the current page.</doc>
<arguments>
<arg>//*[@id="email"]</arg>
</arguments>
<kw name="Capture Page Screenshot" library="Selenium2Library">
<doc>Takes a screenshot of the current page and embeds it into a log file.</doc>
<msg timestamp="20200810 02:09:24.135" level="FAIL">NoSuchWindowException: Message: no such window: target window already closed
from unknown error: web view not found
  (Session info: chrome=84.0.4147.105)
</msg>
<status status="FAIL" starttime="20200810 02:09:24.132" endtime="20200810 02:09:24.135"></status>
</kw>
<msg timestamp="20200810 02:09:24.135" level="WARN">Keyword 'Capture Page Screenshot' could not be run on failure: NoSuchWindowException: Message: no such window: target window already closed
from unknown error: web view not found
  (Session info: chrome=84.0.4147.105)
</msg>
<msg timestamp="20200810 02:09:24.147" level="FAIL">NoSuchWindowException: Message: no such window: target window already closed
from unknown error: web view not found
  (Session info: chrome=84.0.4147.105)
</msg>
<status status="FAIL" starttime="20200810 02:09:24.130" endtime="20200810 02:09:24.147"></status>
</kw>
<status status="FAIL" starttime="20200810 02:09:24.129" endtime="20200810 02:09:24.147" critical="yes">NoSuchWindowException: Message: no such window: target window already closed
from unknown error: web view not found
  (Session info: chrome=84.0.4147.105)
</status>
</test>
<test id="s1-t5" name="Click Button Login">
<kw name="Click Button" library="Selenium2Library">
<doc>Clicks the button identified by ``locator``.</doc>
<arguments>
<arg>//*[@id="step-registered-customers"]/div[3]/div/button</arg>
</arguments>
<msg timestamp="20200810 02:09:24.151" level="INFO">Clicking button '//*[@id="step-registered-customers"]/div[3]/div/button'.</msg>
<kw name="Capture Page Screenshot" library="Selenium2Library">
<doc>Takes a screenshot of the current page and embeds it into a log file.</doc>
<msg timestamp="20200810 02:09:24.156" level="FAIL">NoSuchWindowException: Message: no such window: target window already closed
from unknown error: web view not found
  (Session info: chrome=84.0.4147.105)
</msg>
<status status="FAIL" starttime="20200810 02:09:24.152" endtime="20200810 02:09:24.156"></status>
</kw>
<msg timestamp="20200810 02:09:24.156" level="WARN">Keyword 'Capture Page Screenshot' could not be run on failure: NoSuchWindowException: Message: no such window: target window already closed
from unknown error: web view not found
  (Session info: chrome=84.0.4147.105)
</msg>
<msg timestamp="20200810 02:09:24.159" level="FAIL">NoSuchWindowException: Message: no such window: target window already closed
from unknown error: web view not found
  (Session info: chrome=84.0.4147.105)
</msg>
<status status="FAIL" starttime="20200810 02:09:24.151" endtime="20200810 02:09:24.159"></status>
</kw>
<status status="FAIL" starttime="20200810 02:09:24.150" endtime="20200810 02:09:24.160" critical="yes">NoSuchWindowException: Message: no such window: target window already closed
from unknown error: web view not found
  (Session info: chrome=84.0.4147.105)
</status>
</test>
<test id="s1-t6" name="Check Username">
<kw name="Wait Until Page Contains Element" library="Selenium2Library">
<doc>Waits until the element ``locator`` appears on the current page.</doc>
<arguments>
<arg>//*[@id="header-account"]/ul/li[1]/a</arg>
</arguments>
<kw name="Capture Page Screenshot" library="Selenium2Library">
<doc>Takes a screenshot of the current page and embeds it into a log file.</doc>
<msg timestamp="20200810 02:09:24.171" level="FAIL">NoSuchWindowException: Message: no such window: target window already closed
from unknown error: web view not found
  (Session info: chrome=84.0.4147.105)
</msg>
<status status="FAIL" starttime="20200810 02:09:24.168" endtime="20200810 02:09:24.171"></status>
</kw>
<msg timestamp="20200810 02:09:24.171" level="WARN">Keyword 'Capture Page Screenshot' could not be run on failure: NoSuchWindowException: Message: no such window: target window already closed
from unknown error: web view not found
  (Session info: chrome=84.0.4147.105)
</msg>
<msg timestamp="20200810 02:09:24.174" level="FAIL">NoSuchWindowException: Message: no such window: target window already closed
from unknown error: web view not found
  (Session info: chrome=84.0.4147.105)
</msg>
<status status="FAIL" starttime="20200810 02:09:24.165" endtime="20200810 02:09:24.174"></status>
</kw>
<status status="FAIL" starttime="20200810 02:09:24.163" endtime="20200810 02:09:24.174" critical="yes">NoSuchWindowException: Message: no such window: target window already closed
from unknown error: web view not found
  (Session info: chrome=84.0.4147.105)
</status>
</test>
<test id="s1-t7" name="Click The Account Information Tab">
<kw name="Click Element" library="Selenium2Library">
<doc>Click the element identified by ``locator``.</doc>
<arguments>
<arg>//*[@id="account_edit"]</arg>
</arguments>
<msg timestamp="20200810 02:09:24.178" level="INFO">Clicking element '//*[@id="account_edit"]'.</msg>
<kw name="Capture Page Screenshot" library="Selenium2Library">
<doc>Takes a screenshot of the current page and embeds it into a log file.</doc>
<msg timestamp="20200810 02:09:24.182" level="FAIL">NoSuchWindowException: Message: no such window: target window already closed
from unknown error: web view not found
  (Session info: chrome=84.0.4147.105)
</msg>
<status status="FAIL" starttime="20200810 02:09:24.180" endtime="20200810 02:09:24.182"></status>
</kw>
<msg timestamp="20200810 02:09:24.183" level="WARN">Keyword 'Capture Page Screenshot' could not be run on failure: NoSuchWindowException: Message: no such window: target window already closed
from unknown error: web view not found
  (Session info: chrome=84.0.4147.105)
</msg>
<msg timestamp="20200810 02:09:24.186" level="FAIL">NoSuchWindowException: Message: no such window: target window already closed
from unknown error: web view not found
  (Session info: chrome=84.0.4147.105)
</msg>
<status status="FAIL" starttime="20200810 02:09:24.178" endtime="20200810 02:09:24.186"></status>
</kw>
<status status="FAIL" starttime="20200810 02:09:24.177" endtime="20200810 02:09:24.187" critical="yes">NoSuchWindowException: Message: no such window: target window already closed
from unknown error: web view not found
  (Session info: chrome=84.0.4147.105)
</status>
</test>
<test id="s1-t8" name="Check Email Address Field">
<kw name="Wait Until Page Contains Element" library="Selenium2Library">
<doc>Waits until the element ``locator`` appears on the current page.</doc>
<arguments>
<arg>//*[@id="email"]</arg>
</arguments>
<kw name="Capture Page Screenshot" library="Selenium2Library">
<doc>Takes a screenshot of the current page and embeds it into a log file.</doc>
<msg timestamp="20200810 02:09:24.195" level="FAIL">NoSuchWindowException: Message: no such window: target window already closed
from unknown error: web view not found
  (Session info: chrome=84.0.4147.105)
</msg>
<status status="FAIL" starttime="20200810 02:09:24.192" endtime="20200810 02:09:24.195"></status>
</kw>
<msg timestamp="20200810 02:09:24.195" level="WARN">Keyword 'Capture Page Screenshot' could not be run on failure: NoSuchWindowException: Message: no such window: target window already closed
from unknown error: web view not found
  (Session info: chrome=84.0.4147.105)
</msg>
<msg timestamp="20200810 02:09:24.197" level="FAIL">NoSuchWindowException: Message: no such window: target window already closed
from unknown error: web view not found
  (Session info: chrome=84.0.4147.105)
</msg>
<status status="FAIL" starttime="20200810 02:09:24.190" endtime="20200810 02:09:24.197"></status>
</kw>
<status status="FAIL" starttime="20200810 02:09:24.189" endtime="20200810 02:09:24.198" critical="yes">NoSuchWindowException: Message: no such window: target window already closed
from unknown error: web view not found
  (Session info: chrome=84.0.4147.105)
</status>
</test>
<doc>Suite description</doc>
<status status="FAIL" starttime="20200810 02:09:13.156" endtime="20200810 02:09:24.202"></status>
</suite>
<statistics>
<total>
<stat pass="1" fail="7">Critical Tests</stat>
<stat pass="1" fail="7">All Tests</stat>
</total>
<tag>
</tag>
<suite>
<stat pass="1" fail="7" id="s1" name="Testing">Testing</stat>
</suite>
</statistics>
<errors>
<msg timestamp="20200810 02:09:24.050" level="WARN">Keyword 'Capture Page Screenshot' could not be run on failure: NoSuchWindowException: Message: no such window: target window already closed
from unknown error: web view not found
  (Session info: chrome=84.0.4147.105)
</msg>
<msg timestamp="20200810 02:09:24.124" level="WARN">Keyword 'Capture Page Screenshot' could not be run on failure: NoSuchWindowException: Message: no such window: target window already closed
from unknown error: web view not found
  (Session info: chrome=84.0.4147.105)
</msg>
<msg timestamp="20200810 02:09:24.135" level="WARN">Keyword 'Capture Page Screenshot' could not be run on failure: NoSuchWindowException: Message: no such window: target window already closed
from unknown error: web view not found
  (Session info: chrome=84.0.4147.105)
</msg>
<msg timestamp="20200810 02:09:24.156" level="WARN">Keyword 'Capture Page Screenshot' could not be run on failure: NoSuchWindowException: Message: no such window: target window already closed
from unknown error: web view not found
  (Session info: chrome=84.0.4147.105)
</msg>
<msg timestamp="20200810 02:09:24.171" level="WARN">Keyword 'Capture Page Screenshot' could not be run on failure: NoSuchWindowException: Message: no such window: target window already closed
from unknown error: web view not found
  (Session info: chrome=84.0.4147.105)
</msg>
<msg timestamp="20200810 02:09:24.183" level="WARN">Keyword 'Capture Page Screenshot' could not be run on failure: NoSuchWindowException: Message: no such window: target window already closed
from unknown error: web view not found
  (Session info: chrome=84.0.4147.105)
</msg>
<msg timestamp="20200810 02:09:24.195" level="WARN">Keyword 'Capture Page Screenshot' could not be run on failure: NoSuchWindowException: Message: no such window: target window already closed
from unknown error: web view not found
  (Session info: chrome=84.0.4147.105)
</msg>
</errors>
</robot>
